\BOOKMARK [1][-]{tableofcontents.1}{Contents}{}% 1
\BOOKMARK [-1][]{part.1}{Required Materials}{}% 2
\BOOKMARK [0][]{chapter.1}{1 Letter of Application}{part.1}% 3
\BOOKMARK [0][]{chapter.2}{2 Statement of philosophy of teaching}{part.1}% 4
\BOOKMARK [0][]{chapter.3}{3 Statement of philosophy of research}{part.1}% 5
\BOOKMARK [0][]{chapter.4}{4 Statement of philosophy of service}{part.1}% 6
\BOOKMARK [0][]{chapter.5}{5 Curriculum Vitae}{part.1}% 7
\BOOKMARK [0][]{chapter.6}{6 Fact Sheet}{part.1}% 8
\BOOKMARK [0][]{chapter.7}{7 Materials from the applicant's division chair}{part.1}% 9
\BOOKMARK [1][-]{section.7.1}{7.1 Annual Statement of Goals}{chapter.7}% 10
\BOOKMARK [2][-]{subsection.7.1.1}{7.1.1 The 2011-2012 year}{section.7.1}% 11
\BOOKMARK [2][-]{subsection.7.1.2}{7.1.2 The 2012-2013 year}{section.7.1}% 12
\BOOKMARK [2][-]{subsection.7.1.3}{7.1.3 The 2013-2014 year}{section.7.1}% 13
\BOOKMARK [2][-]{subsection.7.1.4}{7.1.4 The 2014-2015 year}{section.7.1}% 14
\BOOKMARK [1][-]{section.7.2}{7.2 Annual Faculty Activities Report}{chapter.7}% 15
\BOOKMARK [2][-]{subsection.7.2.1}{7.2.1 The 2011-2012 year}{section.7.2}% 16
\BOOKMARK [2][-]{subsection.7.2.2}{7.2.2 The 2012-2013 year}{section.7.2}% 17
\BOOKMARK [2][-]{subsection.7.2.3}{7.2.3 The 2013-2014 year}{section.7.2}% 18
\BOOKMARK [1][-]{section.7.3}{7.3 The Chair's Annual Evaluation}{chapter.7}% 19
\BOOKMARK [2][-]{subsection.7.3.1}{7.3.1 The 2011-2012 year}{section.7.3}% 20
\BOOKMARK [2][-]{subsection.7.3.2}{7.3.2 The 2012-2013 year}{section.7.3}% 21
\BOOKMARK [2][-]{subsection.7.3.3}{7.3.3 The 2013-2014 year}{section.7.3}% 22
\BOOKMARK [0][]{chapter.8}{8 A letter of evaluation from the applicant's department chair}{part.1}% 23
\BOOKMARK [0][]{chapter.9}{9 Materials relating to teaching}{part.1}% 24
\BOOKMARK [1][-]{section.9.1}{9.1 A complete set of syllabi}{chapter.9}% 25
\BOOKMARK [2][-]{subsection.9.1.1}{9.1.1 Fall 2011}{section.9.1}% 26
\BOOKMARK [2][-]{subsection.9.1.2}{9.1.2 Spring 2012}{section.9.1}% 27
\BOOKMARK [2][-]{subsection.9.1.3}{9.1.3 Fall 2012}{section.9.1}% 28
\BOOKMARK [2][-]{subsection.9.1.4}{9.1.4 Spring 2013}{section.9.1}% 29
\BOOKMARK [2][-]{subsection.9.1.5}{9.1.5 Fall 2013}{section.9.1}% 30
\BOOKMARK [2][-]{subsection.9.1.6}{9.1.6 Spring 2014}{section.9.1}% 31
\BOOKMARK [2][-]{subsection.9.1.7}{9.1.7 Fall 2014}{section.9.1}% 32
\BOOKMARK [1][-]{section.9.2}{9.2 Report on classroom visitations}{chapter.9}% 33
\BOOKMARK [2][-]{subsection.9.2.1}{9.2.1 Fall 2011}{section.9.2}% 34
\BOOKMARK [2][-]{subsection.9.2.2}{9.2.2 Spring 2012}{section.9.2}% 35
\BOOKMARK [2][-]{subsection.9.2.3}{9.2.3 Fall 2012}{section.9.2}% 36
\BOOKMARK [2][-]{subsection.9.2.4}{9.2.4 Fall 2013}{section.9.2}% 37
\BOOKMARK [1][-]{section.9.3}{9.3 Student Reaction-to-Instruction forms}{chapter.9}% 38
\BOOKMARK [2][-]{subsection.9.3.1}{9.3.1 Spring 2012}{section.9.3}% 39
\BOOKMARK [2][-]{subsection.9.3.2}{9.3.2 Fall 2012}{section.9.3}% 40
\BOOKMARK [2][-]{subsection.9.3.3}{9.3.3 Spring 2013}{section.9.3}% 41
\BOOKMARK [2][-]{subsection.9.3.4}{9.3.4 Fall 2013}{section.9.3}% 42
\BOOKMARK [2][-]{subsection.9.3.5}{9.3.5 Spring 2014}{section.9.3}% 43
\BOOKMARK [1][-]{section.9.4}{9.4 Evidence of scholarship and professional development}{chapter.9}% 44
\BOOKMARK [2][-]{subsection.9.4.1}{9.4.1 Summary}{section.9.4}% 45
\BOOKMARK [2][-]{subsection.9.4.2}{9.4.2 Publications}{section.9.4}% 46
\BOOKMARK [1][-]{section.9.5}{9.5 Evidence of service}{chapter.9}% 47
\BOOKMARK [-1][]{part.2}{Supplemental Materials}{}% 48
\BOOKMARK [0][]{dummy.2}{Bibliography}{part.2}% 49
\BOOKMARK [0][]{declaration.0}{Declaration}{part.2}% 50
